build/intermediates/manifest_merge_blame_file/fdroidDebug/manifest-merger-blame-fdroid-debug-report.txt
1<?xml version="1.0" encoding="utf-8"?>
2<manifest xmlns:android="http://schemas.android.com/apk/res/android"
3    package="de.j4velin.pedometer"
4    android:versionCode="1511"
5    android:versionName="1.5.11" >
6
7    <uses-sdk
7-->src\main\AndroidManifest.xml:9:5-46
8        android:minSdkVersion="19"
8-->src\main\AndroidManifest.xml:9:5-46
9        android:targetSdkVersion="26" />
9-->src\main\AndroidManifest.xml:9:15-44
10
11    <uses-feature
11-->src\main\AndroidManifest.xml:11:5-13:34
12        android:name="android.hardware.sensor.stepcounter"
12-->src\main\AndroidManifest.xml:12:9-59
13        android:required="true" />
13-->src\main\AndroidManifest.xml:13:9-32
14
15    <uses-permission android:name="android.permission.RECEIVE_BOOT_COMPLETED" />
15-->src\main\AndroidManifest.xml:15:5-80
15-->src\main\AndroidManifest.xml:15:22-78
16    <uses-permission android:name="android.permission.WRITE_EXTERNAL_STORAGE" />
16-->src\main\AndroidManifest.xml:16:5-80
16-->src\main\AndroidManifest.xml:16:22-78
17    <uses-permission android:name="android.permission.FOREGROUND_SERVICE" />
17-->src\main\AndroidManifest.xml:17:5-76
17-->src\main\AndroidManifest.xml:17:22-74
18    <uses-permission
18-->src\main\AndroidManifest.xml:18:5-94
19        android:name="android.permission.WAKE_LOCK"
19-->src\main\AndroidManifest.xml:18:22-65
20        android:maxSdkVersion="26" />
20-->src\main\AndroidManifest.xml:18:66-92
21
22    <application
22-->src\main\AndroidManifest.xml:20:5-90:19
23        android:allowBackup="true"
23-->src\main\AndroidManifest.xml:21:9-35
24        android:debuggable="true"
25        android:icon="@mipmap/ic_launcher"
25-->src\main\AndroidManifest.xml:22:9-43
26        android:label="@string/app_name"
26-->src\main\AndroidManifest.xml:23:9-41
27        android:testOnly="true"
28        android:theme="@android:style/Theme.DeviceDefault.Light.DarkActionBar" >
28-->src\main\AndroidManifest.xml:24:9-79
29        <activity
29-->src\main\AndroidManifest.xml:27:9-36:20
30            android:name="de.j4velin.pedometer.ui.Activity_Main"
30-->src\main\AndroidManifest.xml:28:13-45
31            android:label="@string/app_name"
31-->src\main\AndroidManifest.xml:29:13-45
32            android:launchMode="singleTask" >
32-->src\main\AndroidManifest.xml:30:13-44
33            <intent-filter>
33-->src\main\AndroidManifest.xml:31:13-35:29
34                <action android:name="android.intent.action.MAIN" />
34-->src\main\AndroidManifest.xml:32:17-68
34-->src\main\AndroidManifest.xml:32:25-66
35
36                <category android:name="android.intent.category.LAUNCHER" />
36-->src\main\AndroidManifest.xml:34:17-76
36-->src\main\AndroidManifest.xml:34:27-74
37            </intent-filter>
38        </activity>
39
40        <receiver android:name="de.j4velin.pedometer.BootReceiver" >
40-->src\main\AndroidManifest.xml:38:9-42:20
40-->src\main\AndroidManifest.xml:38:19-47
41            <intent-filter>
41-->src\main\AndroidManifest.xml:39:13-41:29
42                <action android:name="android.intent.action.BOOT_COMPLETED" />
42-->src\main\AndroidManifest.xml:40:17-78
42-->src\main\AndroidManifest.xml:40:25-76
43            </intent-filter>
44        </receiver>
45        <receiver android:name="de.j4velin.pedometer.AppUpdatedReceiver" >
45-->src\main\AndroidManifest.xml:43:9-47:20
45-->src\main\AndroidManifest.xml:43:19-53
46            <intent-filter>
46-->src\main\AndroidManifest.xml:44:13-46:29
47                <action android:name="android.intent.action.MY_PACKAGE_REPLACED" />
47-->src\main\AndroidManifest.xml:45:17-83
47-->src\main\AndroidManifest.xml:45:25-81
48            </intent-filter>
49        </receiver>
50
51        <service android:name="de.j4velin.pedometer.SensorListener" />
51-->src\main\AndroidManifest.xml:49:9-50:45
51-->src\main\AndroidManifest.xml:50:13-43
52        <service
52-->src\main\AndroidManifest.xml:52:9-68:19
53            android:name="de.j4velin.pedometer.widget.DashClock"
53-->src\main\AndroidManifest.xml:53:13-45
54            android:permission="com.google.android.apps.dashclock.permission.READ_EXTENSION_DATA" >
54-->src\main\AndroidManifest.xml:54:13-98
55            <intent-filter>
55-->src\main\AndroidManifest.xml:55:13-57:29
56                <action android:name="com.google.android.apps.dashclock.Extension" />
56-->src\main\AndroidManifest.xml:56:17-85
56-->src\main\AndroidManifest.xml:56:25-83
57            </intent-filter>
58
59            <meta-data
59-->src\main\AndroidManifest.xml:59:13-61:36
60                android:name="protocolVersion"
60-->src\main\AndroidManifest.xml:60:17-47
61                android:value="2" />
61-->src\main\AndroidManifest.xml:61:17-34
62            <meta-data
62-->src\main\AndroidManifest.xml:62:13-64:39
63                android:name="worldReadable"
63-->src\main\AndroidManifest.xml:63:17-45
64                android:value="true" />
64-->src\main\AndroidManifest.xml:64:17-37
65            <meta-data
65-->src\main\AndroidManifest.xml:65:13-67:65
66                android:name="description"
66-->src\main\AndroidManifest.xml:66:17-43
67                android:value="Displays the steps taken today" />
67-->src\main\AndroidManifest.xml:67:17-63
68        </service>
69
70        <activity
70-->src\main\AndroidManifest.xml:70:9-76:20
71            android:name="de.j4velin.pedometer.widget.WidgetConfig"
71-->src\main\AndroidManifest.xml:71:13-48
72            android:theme="@android:style/Theme.Holo.Dialog.NoActionBar" >
72-->src\main\AndroidManifest.xml:72:13-73
73            <intent-filter>
73-->src\main\AndroidManifest.xml:73:13-75:29
74                <action android:name="android.appwidget.action.APPWIDGET_CONFIGURE" />
74-->src\main\AndroidManifest.xml:74:17-86
74-->src\main\AndroidManifest.xml:74:25-84
75            </intent-filter>
76        </activity>
77
78        <receiver android:name="de.j4velin.pedometer.widget.Widget" >
78-->src\main\AndroidManifest.xml:78:9-86:20
78-->src\main\AndroidManifest.xml:78:19-48
79            <intent-filter>
79-->src\main\AndroidManifest.xml:79:13-81:29
80                <action android:name="android.appwidget.action.APPWIDGET_UPDATE" />
80-->src\main\AndroidManifest.xml:80:17-83
80-->src\main\AndroidManifest.xml:80:25-81
81            </intent-filter>
82
83            <meta-data
83-->src\main\AndroidManifest.xml:83:13-85:49
84                android:name="android.appwidget.provider"
84-->src\main\AndroidManifest.xml:84:17-58
85                android:resource="@xml/widget" />
85-->src\main\AndroidManifest.xml:85:17-47
86        </receiver>
87
88        <service
88-->src\main\AndroidManifest.xml:88:9-89:76
89            android:name="de.j4velin.pedometer.widget.WidgetUpdateService"
89-->src\main\AndroidManifest.xml:88:18-60
90            android:exported="true"
90-->src\main\AndroidManifest.xml:88:61-84
91            android:permission="android.permission.BIND_JOB_SERVICE" />
91-->src\main\AndroidManifest.xml:89:18-74
92
93        <activity
93-->[com.github.j4velin.colorpicker:colorpicker:1.20.6] AndroidManifest.xml:12:9-15:54
94            android:name="de.j4velin.lib.colorpicker.ExtractFromPhoto"
94-->[com.github.j4velin.colorpicker:colorpicker:1.20.6] AndroidManifest.xml:13:13-71
95            android:hardwareAccelerated="false"
95-->[com.github.j4velin.colorpicker:colorpicker:1.20.6] AndroidManifest.xml:14:13-48
96            android:theme="@style/LibTheme.Dialog" />
96-->[com.github.j4velin.colorpicker:colorpicker:1.20.6] AndroidManifest.xml:15:13-51
97    </application>
98
99</manifest>